<?xml version="1.0" encoding="UTF-8"?>
<!-- Generated by org.testng.reporters.JUnitReportReporter -->
<testsuite skipped="0" hostname="Keshavs-MacBook-Pro.local" name="com.RestAssuredTestNG.StudentAPI.Testcases.TC005_DeleteUser" tests="4" failures="0" timestamp="2021-06-24T09:09:41 IST" time="0.004" errors="0">
  <testcase name="DeleteUser_validateResponseCode" time="0.001" classname="com.RestAssuredTestNG.StudentAPI.Testcases.TC005_DeleteUser"/>
  <system-out/>
  <testcase name="DeleteUser_validateResponseTime" time="0.002" classname="com.RestAssuredTestNG.StudentAPI.Testcases.TC005_DeleteUser"/>
  <system-out/>
  <testcase name="DeleteUser_validateStatusLine" time="0.000" classname="com.RestAssuredTestNG.StudentAPI.Testcases.TC005_DeleteUser"/>
  <system-out/>
  <testcase name="DeleteUser_validateContentType" time="0.001" classname="com.RestAssuredTestNG.StudentAPI.Testcases.TC005_DeleteUser"/>
  <system-out/>
</testsuite> <!-- com.RestAssuredTestNG.StudentAPI.Testcases.TC005_DeleteUser -->
