<?xml version="1.0" encoding="UTF-8"?>
<!-- Generated by org.testng.reporters.JUnitReportReporter -->
<testsuite skipped="0" hostname="Keshavs-MacBook-Pro.local" name="com.RestAssuredTestNG.StudentAPI.Testcases.TC004_PutSpecificUser" tests="6" failures="0" timestamp="2021-06-24T09:09:41 IST" time="3.029" errors="0">
  <testcase name="PutUserDetails" time="3.024" classname="com.RestAssuredTestNG.StudentAPI.Testcases.TC004_PutSpecificUser"/>
  <system-out/>
  <testcase name="PutUser_validateResponseCode" time="0.001" classname="com.RestAssuredTestNG.StudentAPI.Testcases.TC004_PutSpecificUser"/>
  <system-out/>
  <testcase name="PutUser_validateResponseTime" time="0.001" classname="com.RestAssuredTestNG.StudentAPI.Testcases.TC004_PutSpecificUser"/>
  <system-out/>
  <testcase name="PutUser_validateStatusLine" time="0.001" classname="com.RestAssuredTestNG.StudentAPI.Testcases.TC004_PutSpecificUser"/>
  <system-out/>
  <testcase name="PutUser_validateContentType" time="0.001" classname="com.RestAssuredTestNG.StudentAPI.Testcases.TC004_PutSpecificUser"/>
  <system-out/>
  <testcase name="PutUser_validateContentLength" time="0.001" classname="com.RestAssuredTestNG.StudentAPI.Testcases.TC004_PutSpecificUser"/>
  <system-out/>
</testsuite> <!-- com.RestAssuredTestNG.StudentAPI.Testcases.TC004_PutSpecificUser -->
