<?xml version="1.0" encoding="UTF-8"?>
<!-- Generated by org.testng.reporters.JUnitReportReporter -->
<testsuite skipped="0" hostname="Keshavs-MacBook-Pro.local" name="com.RestAssuredTestNG.StudentAPI.Testcases.TC003_CreateUser" tests="6" failures="0" timestamp="2021-06-24T09:09:41 IST" time="4.417" errors="0">
  <testcase name="CreateNewUserRequest" time="2.385" classname="com.RestAssuredTestNG.StudentAPI.Testcases.TC003_CreateUser"/>
  <system-out/>
  <testcase name="CreateNewUserRequest" time="2.027" classname="com.RestAssuredTestNG.StudentAPI.Testcases.TC003_CreateUser"/>
  <system-out/>
  <testcase name="CreateUser_validateStatusCode" time="0.003" classname="com.RestAssuredTestNG.StudentAPI.Testcases.TC003_CreateUser"/>
  <system-out/>
  <testcase name="CreateUser_validateStatusLine" time="0.001" classname="com.RestAssuredTestNG.StudentAPI.Testcases.TC003_CreateUser"/>
  <system-out/>
  <testcase name="CreateUser_validateContentType" time="0.001" classname="com.RestAssuredTestNG.StudentAPI.Testcases.TC003_CreateUser"/>
  <system-out/>
  <testcase name="CreateUser_validateContentLength" time="0.000" classname="com.RestAssuredTestNG.StudentAPI.Testcases.TC003_CreateUser"/>
  <system-out/>
</testsuite> <!-- com.RestAssuredTestNG.StudentAPI.Testcases.TC003_CreateUser -->
