<?xml version="1.0" encoding="UTF-8"?>
<!-- Generated by org.testng.reporters.JUnitReportReporter -->
<testsuite skipped="0" hostname="Keshavs-MacBook-Pro.local" name="com.RestAssuredTestNG.StudentAPI.Testcases.TC001_GetAllUsers" tests="5" failures="0" timestamp="2021-06-24T09:09:41 IST" time="0.011" errors="0">
  <testcase name="GetAllUsers_validateResponseCode" time="0.009" classname="com.RestAssuredTestNG.StudentAPI.Testcases.TC001_GetAllUsers"/>
  <system-out/>
  <testcase name="GetAllUsers_validateResponseTime" time="0.000" classname="com.RestAssuredTestNG.StudentAPI.Testcases.TC001_GetAllUsers"/>
  <system-out/>
  <testcase name="GetAllUsers_validateStatusLine" time="0.002" classname="com.RestAssuredTestNG.StudentAPI.Testcases.TC001_GetAllUsers"/>
  <system-out/>
  <testcase name="GetAllUsers_validateContentType" time="0.000" classname="com.RestAssuredTestNG.StudentAPI.Testcases.TC001_GetAllUsers"/>
  <system-out/>
  <testcase name="GetAllUsers_validateContentLength" time="0.000" classname="com.RestAssuredTestNG.StudentAPI.Testcases.TC001_GetAllUsers"/>
  <system-out/>
</testsuite> <!-- com.RestAssuredTestNG.StudentAPI.Testcases.TC001_GetAllUsers -->
