<?xml version="1.0" encoding="UTF-8"?>
<!-- Generated by org.testng.reporters.JUnitReportReporter -->
<testsuite skipped="0" hostname="Keshavs-MacBook-Pro.local" name="com.RestAssuredTestNG.StudentAPI.Testcases.TC002_GetSpecifcUsers" tests="5" failures="0" timestamp="2021-06-24T09:09:41 IST" time="0.004" errors="0">
  <testcase name="GetSpecificUsers_validateResponseCode" time="0.000" classname="com.RestAssuredTestNG.StudentAPI.Testcases.TC002_GetSpecifcUsers"/>
  <system-out/>
  <testcase name="GetSpecificUsers_validateResponseTime" time="0.001" classname="com.RestAssuredTestNG.StudentAPI.Testcases.TC002_GetSpecifcUsers"/>
  <system-out/>
  <testcase name="GetSpecificUsers_validateStatusLine" time="0.001" classname="com.RestAssuredTestNG.StudentAPI.Testcases.TC002_GetSpecifcUsers"/>
  <system-out/>
  <testcase name="GetSpecificUsers_validateContentType" time="0.001" classname="com.RestAssuredTestNG.StudentAPI.Testcases.TC002_GetSpecifcUsers"/>
  <system-out/>
  <testcase name="GetSpecificUsers_validateContentLength" time="0.001" classname="com.RestAssuredTestNG.StudentAPI.Testcases.TC002_GetSpecifcUsers"/>
  <system-out/>
</testsuite> <!-- com.RestAssuredTestNG.StudentAPI.Testcases.TC002_GetSpecifcUsers -->
